<?xml version="1.0" encoding="UTF-8"?>
<!-- Generated by org.testng.reporters.JUnitReportReporter -->
<testsuite skipped="0" hostname="ORG141046" name="test_cases.Search_Locate" tests="2" failures="0" timestamp="18 Jan 2019 01:06:03 GMT" time="5.250" errors="0">
  <testcase name="Search" time="2.304" classname="test_cases.Search_Locate"/>
  <testcase name="Locate_us" time="2.946" classname="test_cases.Search_Locate"/>
</testsuite> <!-- test_cases.Search_Locate -->
